<?xml version="1.0" encoding="UTF-8"?>
<testsuite xmlns:xsi="http://www.w3.org/2001/XMLSchema-instance" xsi:noNamespaceSchemaLocation="https://maven.apache.org/surefire/maven-surefire-plugin/xsd/surefire-test-report-3.0.xsd" version="3.0" name="com.example.springboot_mysql_login_ci_sonar.SpringbootMysqlLoginCiSonarApplicationTests" time="1.344" tests="1" errors="0" skipped="0" failures="0">
  <properties>
[...]
</properties>
  <testcase name="contextLoads" classname="com.example.springboot_mysql_login_ci_sonar.SpringbootMysqlLoginCiSonarApplicationTests" time="0.002">
    <system-out><![CDATA[2025-09-06T17:30:52.418+08:00  INFO 6225 --- [springboot-mysql-login-ci-sonar-test] [           main] t.c.s.AnnotationConfigContextLoaderUtils : Could not detect default configuration classes for test class [com.example.springboot_mysql_login_ci_sonar.SpringbootMysqlLoginCiSonarApplicationTests]: SpringbootMysqlLoginCiSonarApplicationTests does not declare any static, non-private, non-final, nested classes annotated with @Configuration.
2025-09-06T17:30:52.422+08:00  INFO 6225 --- [springboot-mysql-login-ci-sonar-test] [           main] .b.t.c.SpringBootTestContextBootstrapper : Found @SpringBootConfiguration com.example.springboot_mysql_login_ci_sonar.SpringbootMysqlLoginCiSonarApplication for test class com.example.springboot_mysql_login_ci_sonar.SpringbootMysqlLoginCiSonarApplicationTests
2025-09-06T17:30:52.431+08:00  INFO 6225 --- [springboot-mysql-login-ci-sonar-test] [           main] o.s.b.d.r.RestartApplicationListener     : Restart disabled due to context in which it is running

  .   ____          _            __ _ _
 /\\ / ___'_ __ _ _(_)_ __  __ _ \ \ \ \
( ( )\___ | '_ | '_| | '_ \/ _` | \ \ \ \
 \\/  ___)| |_)| | | | | || (_| |  ) ) ) )
  '  |____| .__|_| |_|_| |_\__, | / / / /
 =========|_|==============|___/=/_/_/_/
 :: Spring Boot ::                (v3.2.5)

2025-09-06T17:30:52.445+08:00  INFO 6225 --- [springboot-mysql-login-ci-sonar-test] [           main] ingbootMysqlLoginCiSonarApplicationTests : Starting SpringbootMysqlLoginCiSonarApplicationTests using Java 17.0.10 with PID 6225 (started by macy in /Users/macy/Documents/GitHub/sprintboot-mysql-login-ci-sonar)
2025-09-06T17:30:52.445+08:00 DEBUG 6225 --- [springboot-mysql-login-ci-sonar-test] [           main] ingbootMysqlLoginCiSonarApplicationTests : Running with Spring Boot v3.2.5, Spring v6.1.6
2025-09-06T17:30:52.445+08:00  INFO 6225 --- [springboot-mysql-login-ci-sonar-test] [           main] ingbootMysqlLoginCiSonarApplicationTests : The following 1 profile is active: "test"
2025-09-06T17:30:52.730+08:00  INFO 6225 --- [springboot-mysql-login-ci-sonar-test] [           main] .s.d.r.c.RepositoryConfigurationDelegate : Bootstrapping Spring Data JPA repositories in DEFAULT mode.
2025-09-06T17:30:52.735+08:00  INFO 6225 --- [springboot-mysql-login-ci-sonar-test] [           main] .s.d.r.c.RepositoryConfigurationDelegate : Finished Spring Data repository scanning in 4 ms. Found 1 JPA repository interface.
2025-09-06T17:30:52.966+08:00  INFO 6225 --- [springboot-mysql-login-ci-sonar-test] [           main] o.hibernate.jpa.internal.util.LogHelper  : HHH000204: Processing PersistenceUnitInfo [name: default]
2025-09-06T17:30:52.967+08:00  INFO 6225 --- [springboot-mysql-login-ci-sonar-test] [           main] o.h.c.internal.RegionFactoryInitiator    : HHH000026: Second-level cache disabled
2025-09-06T17:30:52.969+08:00  INFO 6225 --- [springboot-mysql-login-ci-sonar-test] [           main] o.s.o.j.p.SpringPersistenceUnitInfo      : No LoadTimeWeaver setup: ignoring JPA class transformer
2025-09-06T17:30:52.970+08:00  INFO 6225 --- [springboot-mysql-login-ci-sonar-test] [           main] com.zaxxer.hikari.HikariDataSource       : HikariPool-1 - Starting...
2025-09-06T17:30:52.978+08:00  INFO 6225 --- [springboot-mysql-login-ci-sonar-test] [           main] com.zaxxer.hikari.pool.HikariPool        : HikariPool-1 - Added connection conn17: url=jdbc:h2:mem:testdb user=SA
2025-09-06T17:30:52.979+08:00  INFO 6225 --- [springboot-mysql-login-ci-sonar-test] [           main] com.zaxxer.hikari.HikariDataSource       : HikariPool-1 - Start completed.
2025-09-06T17:30:52.983+08:00  WARN 6225 --- [springboot-mysql-login-ci-sonar-test] [           main] org.hibernate.orm.deprecation            : HHH90000025: H2Dialect does not need to be specified explicitly using 'hibernate.dialect' (remove the property setting and it will be selected by default)
2025-09-06T17:30:53.006+08:00  INFO 6225 --- [springboot-mysql-login-ci-sonar-test] [           main] o.h.e.t.j.p.i.JtaPlatformInitiator       : HHH000489: No JTA platform available (set 'hibernate.transaction.jta.platform' to enable JTA platform integration)
Hibernate: 
    drop table if exists users cascade 
Hibernate: 
    create table users (
        enabled boolean not null,
        created_at timestamp(6) not null,
        id bigint generated by default as identity,
        updated_at timestamp(6),
        login_id varchar(30) not null unique,
        username varchar(50) not null unique,
        password varchar(255) not null,
        primary key (id)
    )
2025-09-06T17:30:53.008+08:00  INFO 6225 --- [springboot-mysql-login-ci-sonar-test] [           main] j.LocalContainerEntityManagerFactoryBean : Initialized JPA EntityManagerFactory for persistence unit 'default'
2025-09-06T17:30:53.115+08:00  WARN 6225 --- [springboot-mysql-login-ci-sonar-test] [           main] JpaBaseConfiguration$JpaWebConfiguration : spring.jpa.open-in-view is enabled by default. Therefore, database queries may be performed during view rendering. Explicitly configure spring.jpa.open-in-view to disable this warning
2025-09-06T17:30:53.136+08:00  WARN 6225 --- [springboot-mysql-login-ci-sonar-test] [           main] .s.s.UserDetailsServiceAutoConfiguration : 

Using generated security password: e4fb5def-38cc-40d1-ba34-4bcfd171a39b

This generated password is for development use only. Your security configuration must be updated before running your application in production.

2025-09-06T17:30:53.426+08:00  INFO 6225 --- [springboot-mysql-login-ci-sonar-test] [           main] o.s.b.a.e.web.EndpointLinksResolver      : Exposing 1 endpoint(s) beneath base path '/actuator'
2025-09-06T17:30:53.464+08:00  INFO 6225 --- [springboot-mysql-login-ci-sonar-test] [           main] o.s.s.web.DefaultSecurityFilterChain     : Will secure any request with [org.springframework.security.web.session.DisableEncodeUrlFilter@2d525994, org.springframework.security.web.context.request.async.WebAsyncManagerIntegrationFilter@7f385cbe, org.springframework.security.web.context.SecurityContextHolderFilter@2160cf09, org.springframework.security.web.header.HeaderWriterFilter@7d766484, org.springframework.web.filter.CorsFilter@1c694f4d, org.springframework.security.web.authentication.logout.LogoutFilter@6ffe3365, org.springframework.security.web.savedrequest.RequestCacheAwareFilter@4f2f5891, org.springframework.security.web.servletapi.SecurityContextHolderAwareRequestFilter@3abb6a31, org.springframework.security.web.authentication.AnonymousAuthenticationFilter@6c59df0a, org.springframework.security.web.access.ExceptionTranslationFilter@6709a272, org.springframework.security.web.access.intercept.AuthorizationFilter@4baecbad]
2025-09-06T17:30:53.687+08:00  INFO 6225 --- [springboot-mysql-login-ci-sonar-test] [           main] o.s.b.a.h2.H2ConsoleAutoConfiguration    : H2 console available at '/h2-console'. Database available at 'jdbc:h2:mem:testdb'
2025-09-06T17:30:53.730+08:00  INFO 6225 --- [springboot-mysql-login-ci-sonar-test] [           main] ingbootMysqlLoginCiSonarApplicationTests : Started SpringbootMysqlLoginCiSonarApplicationTests in 1.3 seconds (process running for 4.666)
]]></system-out>
  </testcase>
</testsuite>